<?xml version="1.0" encoding="UTF-8"?>
<!-- Generated by org.testng.reporters.JUnitXMLReporter -->
<testsuite ignored="0" hostname="KK" failures="0" tests="8" name="Test" time="78.518" errors="0" timestamp="2022-05-26T17:42:48 IST">
  <testcase classname="HRMTEST.TESTNG2" name="@BeforeClass beforeclass1" time="3.712">
    <failure type="org.openqa.selenium.WebDriverException" message="unknown error: cannot determine loading status
from disconnected: received Inspector.detached event
  (Session info: chrome=101.0.4951.67)
Build info: version: &amp;apos;3.141.5&amp;apos;, revision: &amp;apos;d54ebd709a&amp;apos;, time: &amp;apos;2018-11-06T11:42:16&amp;apos;
System info: host: &amp;apos;KK&amp;apos;, ip: &amp;apos;192.168.1.5&amp;apos;, os.name: &amp;apos;Windows 8.1&amp;apos;, os.arch: &amp;apos;amd64&amp;apos;, os.version: &amp;apos;6.3&amp;apos;, java.version: &amp;apos;17.0.2&amp;apos;
Driver info: org.openqa.selenium.chrome.ChromeDriver
Capabilities {acceptInsecureCerts: false, browserName: chrome, browserVersion: 101.0.4951.67, chrome: {chromedriverVersion: 100.0.4896.60 (6a5d10861ce8..., userDataDir: C:\Users\user1\AppData\Loca...}, goog:chromeOptions: {debuggerAddress: localhost:49757}, javascriptEnabled: true, networkConnectionEnabled: false, pageLoadStrategy: normal, platform: WINDOWS, platformName: WINDOWS, proxy: Proxy(), setWindowRect: true, strictFileInteractability: false, timeouts: {implicit: 0, pageLoad: 300000, script: 30000}, unhandledPromptBehavior: dismiss and notify, webauthn:extension:credBlob: true, webauthn:extension:largeBlob: true, webauthn:virtualAuthenticators: true}
Session ID: 99a76d1b16fd28cadb88e3775a273b3f">
      <![CDATA[org.openqa.selenium.WebDriverException: unknown error: cannot determine loading status
from disconnected: received Inspector.detached event
  (Session info: chrome=101.0.4951.67)
Build info: version: '3.141.5', revision: 'd54ebd709a', time: '2018-11-06T11:42:16'
System info: host: 'KK', ip: '192.168.1.5', os.name: 'Windows 8.1', os.arch: 'amd64', os.version: '6.3', java.version: '17.0.2'
Driver info: org.openqa.selenium.chrome.ChromeDriver
Capabilities {acceptInsecureCerts: false, browserName: chrome, browserVersion: 101.0.4951.67, chrome: {chromedriverVersion: 100.0.4896.60 (6a5d10861ce8..., userDataDir: C:\Users\user1\AppData\Loca...}, goog:chromeOptions: {debuggerAddress: localhost:49757}, javascriptEnabled: true, networkConnectionEnabled: false, pageLoadStrategy: normal, platform: WINDOWS, platformName: WINDOWS, proxy: Proxy(), setWindowRect: true, strictFileInteractability: false, timeouts: {implicit: 0, pageLoad: 300000, script: 30000}, unhandledPromptBehavior: dismiss and notify, webauthn:extension:credBlob: true, webauthn:extension:largeBlob: true, webauthn:virtualAuthenticators: true}
Session ID: 99a76d1b16fd28cadb88e3775a273b3f
at org.openqa.selenium.remote.http.W3CHttpResponseCodec.createException(W3CHttpResponseCodec.java:187)
at org.openqa.selenium.remote.http.W3CHttpResponseCodec.decode(W3CHttpResponseCodec.java:122)
at org.openqa.selenium.remote.http.W3CHttpResponseCodec.decode(W3CHttpResponseCodec.java:49)
at org.openqa.selenium.remote.HttpCommandExecutor.execute(HttpCommandExecutor.java:158)
at org.openqa.selenium.remote.service.DriverCommandExecutor.execute(DriverCommandExecutor.java:83)
at org.openqa.selenium.remote.RemoteWebDriver.execute(RemoteWebDriver.java:552)
at org.openqa.selenium.remote.RemoteWebDriver.get(RemoteWebDriver.java:277)
at org.openqa.selenium.remote.RemoteWebDriver$RemoteNavigation.to(RemoteWebDriver.java:857)
at Browser.Pojo.LaunchBrowser(Pojo.java:14)
at HRMTEST.TESTNG2.beforeclass1(TESTNG2.java:34)
at java.base/java.util.ArrayList.forEach(ArrayList.java:1511)
... Removed 30 stack frames]]>
    </failure>
  </testcase> <!-- @BeforeClass beforeclass1 -->
  <testcase classname="HRMTEST.TESTNG2" name="@AfterMethod aftermethod" time="-1.653567168214E9">
    <skipped/>
  </testcase> <!-- @AfterMethod aftermethod -->
  <testcase classname="HRMTEST.TESTNG2" name="@AfterMethod aftermethod" time="-1.653567168261E9">
    <skipped/>
  </testcase> <!-- @AfterMethod aftermethod -->
  <testcase classname="HRMTEST.TESTNG2" name="@AfterMethod aftermethod" time="-1.653567168307E9">
    <skipped/>
  </testcase> <!-- @AfterMethod aftermethod -->
  <testcase classname="HRMTEST.TESTNG2" name="@AfterMethod aftermethod" time="-1.653567168338E9">
    <skipped/>
  </testcase> <!-- @AfterMethod aftermethod -->
  <testcase classname="HRMTEST.TESTNG2" name="@AfterClass afterclass" time="-1.65356716835E9">
    <skipped/>
  </testcase> <!-- @AfterClass afterclass -->
  <testcase classname="HRMTEST.TESTNG1" name="Loginpage1" time="20.687"/>
  <testcase classname="HRMTEST.TESTNG1" name="AssignLeave" time="17.831"/>
  <testcase classname="HRMTEST.TESTNG1" name="enterdate" time="4.407"/>
  <testcase classname="HRMTEST.TESTNG1" name="timesheet" time="1.663"/>
  <testcase classname="HRMTEST.TESTNG2" name="Loginpage" time="0.001">
    <skipped/>
  </testcase> <!-- Loginpage -->
  <testcase classname="HRMTEST.TESTNG2" name="Myleave2" time="0.0">
    <skipped/>
  </testcase> <!-- Myleave2 -->
  <testcase classname="HRMTEST.TESTNG2" name="Applyleave1" time="0.0">
    <skipped/>
  </testcase> <!-- Applyleave1 -->
  <testcase classname="HRMTEST.TESTNG2" name="myleave" time="0.0">
    <skipped/>
  </testcase> <!-- myleave -->
</testsuite> <!-- Test -->
